2026-01-21 12:21:52	[INFO]:	LOG, 
gRPC Server is running on port : 9090, 
Detail:gRPC Server is running on port : 9090


2026-01-21 12:22:04	[INFO]:	LOG, 
received Inquiry: response_code:"1111" msg_response:"Params INQ", 
Detail:received Inquiry: response_code:"1111" msg_response:"Params INQ"


2026-01-21 12:22:04	[INFO]:	LOG, 
received Inquiry: response_code:"1111" msg_response:"Params INQ", 
Detail:received Inquiry: response_code:"1111" msg_response:"Params INQ"


2026-01-21 12:22:04	[INFO]:	LOG, 
received Transaction: response_code:"1111" msg_response:"Params TRX", 
Detail:received Transaction: response_code:"1111" msg_response:"Params TRX"


2026-01-21 12:22:04	[INFO]:	LOG, 
received Transaction: response_code:"1111" msg_response:"Params TRX", 
Detail:received Transaction: response_code:"1111" msg_response:"Params TRX"


2026-01-21 12:22:04	[INFO]:	LOG, 
received Transaction: response_code:"1111" msg_response:"Params TRX", 
Detail:received Transaction: response_code:"1111" msg_response:"Params TRX"


2026-01-21 12:22:04	[INFO]:	LOG, 
received Reversal: response_code:"1111" msg_response:"Params Reversal", 
Detail:received Reversal: response_code:"1111" msg_response:"Params Reversal"


2026-01-21 12:22:04	[INFO]:	LOG, 
received Reversal: response_code:"1111" msg_response:"Params Reversal", 
Detail:received Reversal: response_code:"1111" msg_response:"Params Reversal"


2026-01-21 12:22:04	[INFO]:	LOG, 
received Reversal: response_code:"1111" msg_response:"Params Reversal", 
Detail:received Reversal: response_code:"1111" msg_response:"Params Reversal"


2026-01-21 12:22:04	[INFO]:	LOG, 
received Reversal: response_code:"1111" msg_response:"Params Reversal", 
Detail:received Reversal: response_code:"1111" msg_response:"Params Reversal"


2026-01-21 12:22:04	[INFO]:	LOG, 
received Advice: response_code:"1111" msg_response:"Params Advice", 
Detail:received Advice: response_code:"1111" msg_response:"Params Advice"


2026-01-21 12:22:04	[INFO]:	LOG, 
received Advice: response_code:"1111" msg_response:"Params Advice", 
Detail:received Advice: response_code:"1111" msg_response:"Params Advice"


2026-01-21 12:22:04	[INFO]:	LOG, 
received Advice: response_code:"1111" msg_response:"Params Advice", 
Detail:received Advice: response_code:"1111" msg_response:"Params Advice"


2026-01-21 12:22:04	[INFO]:	LOG, 
received Advice: response_code:"1111" msg_response:"Params Advice", 
Detail:received Advice: response_code:"1111" msg_response:"Params Advice"


2026-01-21 12:22:04	[INFO]:	LOG, 
received Advice: response_code:"1111" msg_response:"Params Advice", 
Detail:received Advice: response_code:"1111" msg_response:"Params Advice"


