2026-01-20 15:22:01	[INFO]:	LOG, 
gRPC Server is running on port : 9090, 
Detail:gRPC Server is running on port : 9090


2026-01-20 15:22:07	[INFO]:	LOG, 
received Inquiry: response_code:"1111" msg_response:"Params INQ", 
Detail:received Inquiry: response_code:"1111" msg_response:"Params INQ"


2026-01-20 15:22:07	[INFO]:	LOG, 
received Inquiry: response_code:"1111" msg_response:"Params INQ", 
Detail:received Inquiry: response_code:"1111" msg_response:"Params INQ"


2026-01-20 15:22:07	[INFO]:	LOG, 
received Transaction: response_code:"1111" msg_response:"Params TRX", 
Detail:received Transaction: response_code:"1111" msg_response:"Params TRX"


2026-01-20 15:22:07	[INFO]:	LOG, 
received Transaction: response_code:"1111" msg_response:"Params TRX", 
Detail:received Transaction: response_code:"1111" msg_response:"Params TRX"


2026-01-20 15:22:07	[INFO]:	LOG, 
received Transaction: response_code:"1111" msg_response:"Params TRX", 
Detail:received Transaction: response_code:"1111" msg_response:"Params TRX"


2026-01-20 15:22:07	[INFO]:	LOG, 
received Reversal: response_code:"1111" msg_response:"Params Reversal", 
Detail:received Reversal: response_code:"1111" msg_response:"Params Reversal"


2026-01-20 15:22:07	[INFO]:	LOG, 
received Reversal: response_code:"1111" msg_response:"Params Reversal", 
Detail:received Reversal: response_code:"1111" msg_response:"Params Reversal"


2026-01-20 15:22:07	[INFO]:	LOG, 
received Reversal: response_code:"1111" msg_response:"Params Reversal", 
Detail:received Reversal: response_code:"1111" msg_response:"Params Reversal"


2026-01-20 15:22:07	[INFO]:	LOG, 
received Reversal: response_code:"1111" msg_response:"Params Reversal", 
Detail:received Reversal: response_code:"1111" msg_response:"Params Reversal"


2026-01-20 15:22:07	[INFO]:	LOG, 
received Advice: response_code:"1111" msg_response:"Params Advice", 
Detail:received Advice: response_code:"1111" msg_response:"Params Advice"


2026-01-20 15:22:07	[INFO]:	LOG, 
received Advice: response_code:"1111" msg_response:"Params Advice", 
Detail:received Advice: response_code:"1111" msg_response:"Params Advice"


2026-01-20 15:22:07	[INFO]:	LOG, 
received Advice: response_code:"1111" msg_response:"Params Advice", 
Detail:received Advice: response_code:"1111" msg_response:"Params Advice"


2026-01-20 15:22:07	[INFO]:	LOG, 
received Advice: response_code:"1111" msg_response:"Params Advice", 
Detail:received Advice: response_code:"1111" msg_response:"Params Advice"


2026-01-20 15:22:07	[INFO]:	LOG, 
received Advice: response_code:"1111" msg_response:"Params Advice", 
Detail:received Advice: response_code:"1111" msg_response:"Params Advice"


2026-01-20 15:25:26	[INFO]:	LOG, 
received Inquiry: response_code:"1111" msg_response:"Params INQ", 
Detail:received Inquiry: response_code:"1111" msg_response:"Params INQ"


2026-01-20 15:25:26	[INFO]:	LOG, 
received Inquiry: response_code:"1111" msg_response:"Params INQ", 
Detail:received Inquiry: response_code:"1111" msg_response:"Params INQ"


2026-01-20 15:25:26	[INFO]:	LOG, 
received Inquiry: response_code:"1111" msg_response:"Params INQ", 
Detail:received Inquiry: response_code:"1111" msg_response:"Params INQ"


2026-01-20 15:25:26	[INFO]:	LOG, 
received Inquiry: response_code:"1111" msg_response:"Params INQ", 
Detail:received Inquiry: response_code:"1111" msg_response:"Params INQ"


2026-01-20 15:25:26	[INFO]:	LOG, 
received Inquiry: response_code:"1111" msg_response:"Params INQ", 
Detail:received Inquiry: response_code:"1111" msg_response:"Params INQ"


2026-01-20 15:25:26	[INFO]:	LOG, 
received Inquiry: response_code:"1111" msg_response:"Params INQ", 
Detail:received Inquiry: response_code:"1111" msg_response:"Params INQ"


2026-01-20 15:25:26	[INFO]:	LOG, 
received Transaction: response_code:"1111" msg_response:"Params TRX", 
Detail:received Transaction: response_code:"1111" msg_response:"Params TRX"


2026-01-20 15:25:26	[INFO]:	LOG, 
received Transaction: response_code:"1111" msg_response:"Params TRX", 
Detail:received Transaction: response_code:"1111" msg_response:"Params TRX"


2026-01-20 15:25:26	[INFO]:	LOG, 
received Transaction: response_code:"1111" msg_response:"Params TRX", 
Detail:received Transaction: response_code:"1111" msg_response:"Params TRX"


2026-01-20 15:25:26	[INFO]:	LOG, 
received Transaction: response_code:"1111" msg_response:"Params TRX", 
Detail:received Transaction: response_code:"1111" msg_response:"Params TRX"


2026-01-20 15:25:26	[INFO]:	LOG, 
received Transaction: response_code:"1111" msg_response:"Params TRX", 
Detail:received Transaction: response_code:"1111" msg_response:"Params TRX"


2026-01-20 15:25:26	[INFO]:	LOG, 
received Transaction: response_code:"1111" msg_response:"Params TRX", 
Detail:received Transaction: response_code:"1111" msg_response:"Params TRX"


2026-01-20 15:25:26	[INFO]:	LOG, 
received Transaction: response_code:"1111" msg_response:"Params TRX", 
Detail:received Transaction: response_code:"1111" msg_response:"Params TRX"


2026-01-20 15:25:26	[INFO]:	LOG, 
received Reversal: response_code:"1111" msg_response:"Params Reversal", 
Detail:received Reversal: response_code:"1111" msg_response:"Params Reversal"


2026-01-20 15:25:26	[INFO]:	LOG, 
received Reversal: response_code:"1111" msg_response:"Params Reversal", 
Detail:received Reversal: response_code:"1111" msg_response:"Params Reversal"


2026-01-20 15:25:26	[INFO]:	LOG, 
received Reversal: response_code:"1111" msg_response:"Params Reversal", 
Detail:received Reversal: response_code:"1111" msg_response:"Params Reversal"


2026-01-20 15:25:26	[INFO]:	LOG, 
received Reversal: response_code:"1111" msg_response:"Params Reversal", 
Detail:received Reversal: response_code:"1111" msg_response:"Params Reversal"


2026-01-20 15:25:26	[INFO]:	LOG, 
received Reversal: response_code:"1111" msg_response:"Params Reversal", 
Detail:received Reversal: response_code:"1111" msg_response:"Params Reversal"


2026-01-20 15:25:26	[INFO]:	LOG, 
received Reversal: response_code:"1111" msg_response:"Params Reversal", 
Detail:received Reversal: response_code:"1111" msg_response:"Params Reversal"


2026-01-20 15:25:26	[INFO]:	LOG, 
received Reversal: response_code:"1111" msg_response:"Params Reversal", 
Detail:received Reversal: response_code:"1111" msg_response:"Params Reversal"


2026-01-20 15:25:26	[INFO]:	LOG, 
received Reversal: response_code:"1111" msg_response:"Params Reversal", 
Detail:received Reversal: response_code:"1111" msg_response:"Params Reversal"


2026-01-20 15:25:26	[INFO]:	LOG, 
received Advice: response_code:"1111" msg_response:"Params Advice", 
Detail:received Advice: response_code:"1111" msg_response:"Params Advice"


2026-01-20 15:25:26	[INFO]:	LOG, 
received Advice: response_code:"1111" msg_response:"Params Advice", 
Detail:received Advice: response_code:"1111" msg_response:"Params Advice"


2026-01-20 15:25:26	[INFO]:	LOG, 
received Advice: response_code:"1111" msg_response:"Params Advice", 
Detail:received Advice: response_code:"1111" msg_response:"Params Advice"


2026-01-20 15:25:26	[INFO]:	LOG, 
received Advice: response_code:"1111" msg_response:"Params Advice", 
Detail:received Advice: response_code:"1111" msg_response:"Params Advice"


2026-01-20 15:25:26	[INFO]:	LOG, 
received Advice: response_code:"1111" msg_response:"Params Advice", 
Detail:received Advice: response_code:"1111" msg_response:"Params Advice"


2026-01-20 15:25:26	[INFO]:	LOG, 
received Advice: response_code:"1111" msg_response:"Params Advice", 
Detail:received Advice: response_code:"1111" msg_response:"Params Advice"


2026-01-20 15:25:26	[INFO]:	LOG, 
received Advice: response_code:"1111" msg_response:"Params Advice", 
Detail:received Advice: response_code:"1111" msg_response:"Params Advice"


2026-01-20 15:25:26	[INFO]:	LOG, 
received Advice: response_code:"1111" msg_response:"Params Advice", 
Detail:received Advice: response_code:"1111" msg_response:"Params Advice"


2026-01-20 15:25:26	[INFO]:	LOG, 
received Advice: response_code:"1111" msg_response:"Params Advice", 
Detail:received Advice: response_code:"1111" msg_response:"Params Advice"


2026-01-20 15:26:17	[INFO]:	LOG, 
gRPC Server is running on port : 9090, 
Detail:gRPC Server is running on port : 9090


2026-01-20 15:26:22	[INFO]:	LOG, 
received Inquiry: response_code:"1111" msg_response:"Params INQ", 
Detail:received Inquiry: response_code:"1111" msg_response:"Params INQ"


2026-01-20 15:26:22	[INFO]:	LOG, 
received Inquiry: response_code:"1111" msg_response:"Params INQ", 
Detail:received Inquiry: response_code:"1111" msg_response:"Params INQ"


2026-01-20 15:26:22	[INFO]:	LOG, 
received Transaction: response_code:"1111" msg_response:"Params TRX", 
Detail:received Transaction: response_code:"1111" msg_response:"Params TRX"


2026-01-20 15:26:22	[INFO]:	LOG, 
received Transaction: response_code:"1111" msg_response:"Params TRX", 
Detail:received Transaction: response_code:"1111" msg_response:"Params TRX"


2026-01-20 15:26:22	[INFO]:	LOG, 
received Transaction: response_code:"1111" msg_response:"Params TRX", 
Detail:received Transaction: response_code:"1111" msg_response:"Params TRX"


2026-01-20 15:26:22	[INFO]:	LOG, 
received Reversal: response_code:"1111" msg_response:"Params Reversal", 
Detail:received Reversal: response_code:"1111" msg_response:"Params Reversal"


2026-01-20 15:26:22	[INFO]:	LOG, 
received Reversal: response_code:"1111" msg_response:"Params Reversal", 
Detail:received Reversal: response_code:"1111" msg_response:"Params Reversal"


2026-01-20 15:26:22	[INFO]:	LOG, 
received Reversal: response_code:"1111" msg_response:"Params Reversal", 
Detail:received Reversal: response_code:"1111" msg_response:"Params Reversal"


2026-01-20 15:26:22	[INFO]:	LOG, 
received Reversal: response_code:"1111" msg_response:"Params Reversal", 
Detail:received Reversal: response_code:"1111" msg_response:"Params Reversal"


2026-01-20 15:26:22	[INFO]:	LOG, 
received Advice: response_code:"1111" msg_response:"Params Advice", 
Detail:received Advice: response_code:"1111" msg_response:"Params Advice"


2026-01-20 15:26:22	[INFO]:	LOG, 
received Advice: response_code:"1111" msg_response:"Params Advice", 
Detail:received Advice: response_code:"1111" msg_response:"Params Advice"


2026-01-20 15:26:22	[INFO]:	LOG, 
received Advice: response_code:"1111" msg_response:"Params Advice", 
Detail:received Advice: response_code:"1111" msg_response:"Params Advice"


2026-01-20 15:26:22	[INFO]:	LOG, 
received Advice: response_code:"1111" msg_response:"Params Advice", 
Detail:received Advice: response_code:"1111" msg_response:"Params Advice"


2026-01-20 15:26:22	[INFO]:	LOG, 
received Advice: response_code:"1111" msg_response:"Params Advice", 
Detail:received Advice: response_code:"1111" msg_response:"Params Advice"


2026-01-20 15:27:17	[INFO]:	LOG, 
received Inquiry: response_code:"1111" msg_response:"Params INQ", 
Detail:received Inquiry: response_code:"1111" msg_response:"Params INQ"


2026-01-20 15:27:17	[INFO]:	LOG, 
received Inquiry: response_code:"1111" msg_response:"Params INQ", 
Detail:received Inquiry: response_code:"1111" msg_response:"Params INQ"


2026-01-20 15:27:17	[INFO]:	LOG, 
received Inquiry: response_code:"1111" msg_response:"Params INQ", 
Detail:received Inquiry: response_code:"1111" msg_response:"Params INQ"


2026-01-20 15:27:17	[INFO]:	LOG, 
received Inquiry: response_code:"1111" msg_response:"Params INQ", 
Detail:received Inquiry: response_code:"1111" msg_response:"Params INQ"


2026-01-20 15:27:17	[INFO]:	LOG, 
received Inquiry: response_code:"1111" msg_response:"Params INQ", 
Detail:received Inquiry: response_code:"1111" msg_response:"Params INQ"


2026-01-20 15:27:17	[INFO]:	LOG, 
received Inquiry: response_code:"1111" msg_response:"Params INQ", 
Detail:received Inquiry: response_code:"1111" msg_response:"Params INQ"


2026-01-20 15:27:17	[INFO]:	LOG, 
received Transaction: response_code:"1111" msg_response:"Params TRX", 
Detail:received Transaction: response_code:"1111" msg_response:"Params TRX"


2026-01-20 15:27:17	[INFO]:	LOG, 
received Transaction: response_code:"1111" msg_response:"Params TRX", 
Detail:received Transaction: response_code:"1111" msg_response:"Params TRX"


2026-01-20 15:27:17	[INFO]:	LOG, 
received Transaction: response_code:"1111" msg_response:"Params TRX", 
Detail:received Transaction: response_code:"1111" msg_response:"Params TRX"


2026-01-20 15:27:17	[INFO]:	LOG, 
received Transaction: response_code:"1111" msg_response:"Params TRX", 
Detail:received Transaction: response_code:"1111" msg_response:"Params TRX"


2026-01-20 15:27:17	[INFO]:	LOG, 
received Transaction: response_code:"1111" msg_response:"Params TRX", 
Detail:received Transaction: response_code:"1111" msg_response:"Params TRX"


2026-01-20 15:27:17	[INFO]:	LOG, 
received Transaction: response_code:"1111" msg_response:"Params TRX", 
Detail:received Transaction: response_code:"1111" msg_response:"Params TRX"


2026-01-20 15:27:17	[INFO]:	LOG, 
received Transaction: response_code:"1111" msg_response:"Params TRX", 
Detail:received Transaction: response_code:"1111" msg_response:"Params TRX"


2026-01-20 15:27:17	[INFO]:	LOG, 
received Reversal: response_code:"1111" msg_response:"Params Reversal", 
Detail:received Reversal: response_code:"1111" msg_response:"Params Reversal"


2026-01-20 15:27:17	[INFO]:	LOG, 
received Reversal: response_code:"1111" msg_response:"Params Reversal", 
Detail:received Reversal: response_code:"1111" msg_response:"Params Reversal"


2026-01-20 15:27:17	[INFO]:	LOG, 
received Reversal: response_code:"1111" msg_response:"Params Reversal", 
Detail:received Reversal: response_code:"1111" msg_response:"Params Reversal"


2026-01-20 15:27:17	[INFO]:	LOG, 
received Reversal: response_code:"1111" msg_response:"Params Reversal", 
Detail:received Reversal: response_code:"1111" msg_response:"Params Reversal"


2026-01-20 15:27:17	[INFO]:	LOG, 
received Reversal: response_code:"1111" msg_response:"Params Reversal", 
Detail:received Reversal: response_code:"1111" msg_response:"Params Reversal"


2026-01-20 15:27:17	[INFO]:	LOG, 
received Reversal: response_code:"1111" msg_response:"Params Reversal", 
Detail:received Reversal: response_code:"1111" msg_response:"Params Reversal"


2026-01-20 15:27:17	[INFO]:	LOG, 
received Reversal: response_code:"1111" msg_response:"Params Reversal", 
Detail:received Reversal: response_code:"1111" msg_response:"Params Reversal"


2026-01-20 15:27:17	[INFO]:	LOG, 
received Reversal: response_code:"1111" msg_response:"Params Reversal", 
Detail:received Reversal: response_code:"1111" msg_response:"Params Reversal"


2026-01-20 15:27:17	[INFO]:	LOG, 
received Advice: response_code:"1111" msg_response:"Params Advice", 
Detail:received Advice: response_code:"1111" msg_response:"Params Advice"


2026-01-20 15:27:17	[INFO]:	LOG, 
received Advice: response_code:"1111" msg_response:"Params Advice", 
Detail:received Advice: response_code:"1111" msg_response:"Params Advice"


2026-01-20 15:27:17	[INFO]:	LOG, 
received Advice: response_code:"1111" msg_response:"Params Advice", 
Detail:received Advice: response_code:"1111" msg_response:"Params Advice"


2026-01-20 15:27:17	[INFO]:	LOG, 
received Advice: response_code:"1111" msg_response:"Params Advice", 
Detail:received Advice: response_code:"1111" msg_response:"Params Advice"


2026-01-20 15:27:17	[INFO]:	LOG, 
received Advice: response_code:"1111" msg_response:"Params Advice", 
Detail:received Advice: response_code:"1111" msg_response:"Params Advice"


2026-01-20 15:27:17	[INFO]:	LOG, 
received Advice: response_code:"1111" msg_response:"Params Advice", 
Detail:received Advice: response_code:"1111" msg_response:"Params Advice"


2026-01-20 15:27:17	[INFO]:	LOG, 
received Advice: response_code:"1111" msg_response:"Params Advice", 
Detail:received Advice: response_code:"1111" msg_response:"Params Advice"


2026-01-20 15:27:17	[INFO]:	LOG, 
received Advice: response_code:"1111" msg_response:"Params Advice", 
Detail:received Advice: response_code:"1111" msg_response:"Params Advice"


2026-01-20 15:27:17	[INFO]:	LOG, 
received Advice: response_code:"1111" msg_response:"Params Advice", 
Detail:received Advice: response_code:"1111" msg_response:"Params Advice"


2026-01-20 15:28:20	[INFO]:	LOG, 
received Inquiry: response_code:"1111" msg_response:"Params INQ", 
Detail:received Inquiry: response_code:"1111" msg_response:"Params INQ"


2026-01-20 15:28:20	[INFO]:	LOG, 
received Inquiry: response_code:"1111" msg_response:"Params INQ", 
Detail:received Inquiry: response_code:"1111" msg_response:"Params INQ"


2026-01-20 15:28:20	[INFO]:	LOG, 
received Inquiry: response_code:"1111" msg_response:"Params INQ", 
Detail:received Inquiry: response_code:"1111" msg_response:"Params INQ"


2026-01-20 15:28:20	[INFO]:	LOG, 
received Inquiry: response_code:"1111" msg_response:"Params INQ", 
Detail:received Inquiry: response_code:"1111" msg_response:"Params INQ"


2026-01-20 15:28:20	[INFO]:	LOG, 
received Inquiry: response_code:"1111" msg_response:"Params INQ", 
Detail:received Inquiry: response_code:"1111" msg_response:"Params INQ"


2026-01-20 15:28:20	[INFO]:	LOG, 
received Inquiry: response_code:"1111" msg_response:"Params INQ", 
Detail:received Inquiry: response_code:"1111" msg_response:"Params INQ"


2026-01-20 15:28:20	[INFO]:	LOG, 
received Inquiry: response_code:"1111" msg_response:"Params INQ", 
Detail:received Inquiry: response_code:"1111" msg_response:"Params INQ"


2026-01-20 15:28:20	[INFO]:	LOG, 
received Inquiry: response_code:"1111" msg_response:"Params INQ", 
Detail:received Inquiry: response_code:"1111" msg_response:"Params INQ"


2026-01-20 15:28:20	[INFO]:	LOG, 
received Inquiry: response_code:"1111" msg_response:"Params INQ", 
Detail:received Inquiry: response_code:"1111" msg_response:"Params INQ"


2026-01-20 15:28:20	[INFO]:	LOG, 
received Inquiry: response_code:"1111" msg_response:"Params INQ", 
Detail:received Inquiry: response_code:"1111" msg_response:"Params INQ"


2026-01-20 15:28:20	[INFO]:	LOG, 
received Transaction: response_code:"1111" msg_response:"Params TRX", 
Detail:received Transaction: response_code:"1111" msg_response:"Params TRX"


2026-01-20 15:28:20	[INFO]:	LOG, 
received Transaction: response_code:"1111" msg_response:"Params TRX", 
Detail:received Transaction: response_code:"1111" msg_response:"Params TRX"


2026-01-20 15:28:20	[INFO]:	LOG, 
received Transaction: response_code:"1111" msg_response:"Params TRX", 
Detail:received Transaction: response_code:"1111" msg_response:"Params TRX"


2026-01-20 15:28:20	[INFO]:	LOG, 
received Transaction: response_code:"1111" msg_response:"Params TRX", 
Detail:received Transaction: response_code:"1111" msg_response:"Params TRX"


2026-01-20 15:28:20	[INFO]:	LOG, 
received Transaction: response_code:"1111" msg_response:"Params TRX", 
Detail:received Transaction: response_code:"1111" msg_response:"Params TRX"


2026-01-20 15:28:20	[INFO]:	LOG, 
received Transaction: response_code:"1111" msg_response:"Params TRX", 
Detail:received Transaction: response_code:"1111" msg_response:"Params TRX"


2026-01-20 15:28:20	[INFO]:	LOG, 
received Transaction: response_code:"1111" msg_response:"Params TRX", 
Detail:received Transaction: response_code:"1111" msg_response:"Params TRX"


2026-01-20 15:28:20	[INFO]:	LOG, 
received Transaction: response_code:"1111" msg_response:"Params TRX", 
Detail:received Transaction: response_code:"1111" msg_response:"Params TRX"


2026-01-20 15:28:20	[INFO]:	LOG, 
received Transaction: response_code:"1111" msg_response:"Params TRX", 
Detail:received Transaction: response_code:"1111" msg_response:"Params TRX"


2026-01-20 15:28:20	[INFO]:	LOG, 
received Transaction: response_code:"1111" msg_response:"Params TRX", 
Detail:received Transaction: response_code:"1111" msg_response:"Params TRX"


2026-01-20 15:28:20	[INFO]:	LOG, 
received Transaction: response_code:"1111" msg_response:"Params TRX", 
Detail:received Transaction: response_code:"1111" msg_response:"Params TRX"


2026-01-20 15:28:20	[INFO]:	LOG, 
received Reversal: response_code:"1111" msg_response:"Params Reversal", 
Detail:received Reversal: response_code:"1111" msg_response:"Params Reversal"


2026-01-20 15:28:20	[INFO]:	LOG, 
received Reversal: response_code:"1111" msg_response:"Params Reversal", 
Detail:received Reversal: response_code:"1111" msg_response:"Params Reversal"


2026-01-20 15:28:20	[INFO]:	LOG, 
received Reversal: response_code:"1111" msg_response:"Params Reversal", 
Detail:received Reversal: response_code:"1111" msg_response:"Params Reversal"


2026-01-20 15:28:20	[INFO]:	LOG, 
received Reversal: response_code:"1111" msg_response:"Params Reversal", 
Detail:received Reversal: response_code:"1111" msg_response:"Params Reversal"


2026-01-20 15:28:20	[INFO]:	LOG, 
received Reversal: response_code:"1111" msg_response:"Params Reversal", 
Detail:received Reversal: response_code:"1111" msg_response:"Params Reversal"


2026-01-20 15:28:20	[INFO]:	LOG, 
received Reversal: response_code:"1111" msg_response:"Params Reversal", 
Detail:received Reversal: response_code:"1111" msg_response:"Params Reversal"


2026-01-20 15:28:20	[INFO]:	LOG, 
received Reversal: response_code:"1111" msg_response:"Params Reversal", 
Detail:received Reversal: response_code:"1111" msg_response:"Params Reversal"


2026-01-20 15:28:20	[INFO]:	LOG, 
received Reversal: response_code:"1111" msg_response:"Params Reversal", 
Detail:received Reversal: response_code:"1111" msg_response:"Params Reversal"


2026-01-20 15:28:20	[INFO]:	LOG, 
received Reversal: response_code:"1111" msg_response:"Params Reversal", 
Detail:received Reversal: response_code:"1111" msg_response:"Params Reversal"


2026-01-20 15:28:20	[INFO]:	LOG, 
received Reversal: response_code:"1111" msg_response:"Params Reversal", 
Detail:received Reversal: response_code:"1111" msg_response:"Params Reversal"


2026-01-20 15:28:20	[INFO]:	LOG, 
received Reversal: response_code:"1111" msg_response:"Params Reversal", 
Detail:received Reversal: response_code:"1111" msg_response:"Params Reversal"


2026-01-20 15:28:20	[INFO]:	LOG, 
received Reversal: response_code:"1111" msg_response:"Params Reversal", 
Detail:received Reversal: response_code:"1111" msg_response:"Params Reversal"


2026-01-20 15:28:20	[INFO]:	LOG, 
received Advice: response_code:"1111" msg_response:"Params Advice", 
Detail:received Advice: response_code:"1111" msg_response:"Params Advice"


2026-01-20 15:28:20	[INFO]:	LOG, 
received Advice: response_code:"1111" msg_response:"Params Advice", 
Detail:received Advice: response_code:"1111" msg_response:"Params Advice"


2026-01-20 15:28:20	[INFO]:	LOG, 
received Advice: response_code:"1111" msg_response:"Params Advice", 
Detail:received Advice: response_code:"1111" msg_response:"Params Advice"


2026-01-20 15:28:20	[INFO]:	LOG, 
received Advice: response_code:"1111" msg_response:"Params Advice", 
Detail:received Advice: response_code:"1111" msg_response:"Params Advice"


2026-01-20 15:28:20	[INFO]:	LOG, 
received Advice: response_code:"1111" msg_response:"Params Advice", 
Detail:received Advice: response_code:"1111" msg_response:"Params Advice"


2026-01-20 15:28:20	[INFO]:	LOG, 
received Advice: response_code:"1111" msg_response:"Params Advice", 
Detail:received Advice: response_code:"1111" msg_response:"Params Advice"


2026-01-20 15:28:20	[INFO]:	LOG, 
received Advice: response_code:"1111" msg_response:"Params Advice", 
Detail:received Advice: response_code:"1111" msg_response:"Params Advice"


2026-01-20 15:28:20	[INFO]:	LOG, 
received Advice: response_code:"1111" msg_response:"Params Advice", 
Detail:received Advice: response_code:"1111" msg_response:"Params Advice"


2026-01-20 15:28:20	[INFO]:	LOG, 
received Advice: response_code:"1111" msg_response:"Params Advice", 
Detail:received Advice: response_code:"1111" msg_response:"Params Advice"


2026-01-20 15:28:20	[INFO]:	LOG, 
received Advice: response_code:"1111" msg_response:"Params Advice", 
Detail:received Advice: response_code:"1111" msg_response:"Params Advice"


2026-01-20 15:28:20	[INFO]:	LOG, 
received Advice: response_code:"1111" msg_response:"Params Advice", 
Detail:received Advice: response_code:"1111" msg_response:"Params Advice"


2026-01-20 15:28:20	[INFO]:	LOG, 
received Advice: response_code:"1111" msg_response:"Params Advice", 
Detail:received Advice: response_code:"1111" msg_response:"Params Advice"


2026-01-20 15:28:20	[INFO]:	LOG, 
received Advice: response_code:"1111" msg_response:"Params Advice", 
Detail:received Advice: response_code:"1111" msg_response:"Params Advice"


